Build started 2012-01-27 05:44:29.
     1>Project "C:\Users\Marcin\Documents\ASD\sortowania\sortowania\sortowania.vcxproj" on node 2 (build target(s)).
     1>InitializeBuildStatus:
         Touching "Debug\quickSort.unsuccessfulbuild".
       ClCompile:
         c:\Program Files (x86)\Microsoft Visual Studio 10.0\VC\bin\CL.exe /c /ZI /nologo /W3 /WX- /Od /Oy- /D WIN32 /D _DEBUG /D _CONSOLE /D _UNICODE /D UNICODE /Gm /EHsc /RTC1 /MDd /GS /fp:precise /Zc:wchar_t /Zc:forScope /Fo"Debug\\" /Fd"Debug\vc100.pdb" /Gd /TP /analyze- /errorReport:prompt quickSort.cpp
         quickSort.cpp
     1>c:\users\marcin\documents\asd\sortowania\sortowania\quicksort.cpp(38): warning C4244: 'argument' : conversion from 'time_t' to 'unsigned int', possible loss of data
     1>c:\users\marcin\documents\asd\sortowania\sortowania\quicksort.cpp(44): warning C4244: 'argument' : conversion from 'time_t' to 'unsigned int', possible loss of data
     1>c:\users\marcin\documents\asd\sortowania\sortowania\quicksort.cpp(56): warning C4996: 'getch': The POSIX name for this item is deprecated. Instead, use the ISO C++ conformant name: _getch. See online help for details.
                 c:\program files (x86)\microsoft visual studio 10.0\vc\include\conio.h(128) : see declaration of 'getch'
     1>c:\users\marcin\documents\asd\sortowania\sortowania\quicksort.cpp(45): warning C4101: 'stop' : unreferenced local variable
       ManifestResourceCompile:
         All outputs are up-to-date.
       Link:
         c:\Program Files (x86)\Microsoft Visual Studio 10.0\VC\bin\link.exe /ERRORREPORT:PROMPT /OUT:"C:\Users\Marcin\Documents\ASD\sortowania\Debug\quickSort.exe" /INCREMENTAL /NOLOGO kernel32.lib user32.lib gdi32.lib winspool.lib comdlg32.lib advapi32.lib shell32.lib ole32.lib oleaut32.lib uuid.lib odbc32.lib odbccp32.lib /MANIFEST /ManifestFile:"Debug\quickSort.exe.intermediate.manifest" /MANIFESTUAC:"level='asInvoker' uiAccess='false'" /DEBUG /PDB:"C:\Users\Marcin\Documents\ASD\sortowania\Debug\quickSort.pdb" /SUBSYSTEM:CONSOLE /TLBID:1 /DYNAMICBASE /NXCOMPAT /IMPLIB:"C:\Users\Marcin\Documents\ASD\sortowania\Debug\quickSort.lib" /MACHINE:X86 Debug\quickSort.exe.embed.manifest.res
         Debug\quickSort.obj
       Manifest:
         c:\Program Files (x86)\Microsoft SDKs\Windows\v7.0A\bin\mt.exe /nologo /verbose /out:"Debug\quickSort.exe.embed.manifest" /manifest Debug\quickSort.exe.intermediate.manifest
         c:\Program Files (x86)\Microsoft SDKs\Windows\v7.0A\bin\rc.exe /nologo /fo"Debug\quickSort.exe.embed.manifest.res" Debug\quickSort_manifest.rc 
       LinkEmbedManifest:
         c:\Program Files (x86)\Microsoft Visual Studio 10.0\VC\bin\link.exe /ERRORREPORT:PROMPT /OUT:"C:\Users\Marcin\Documents\ASD\sortowania\Debug\quickSort.exe" /INCREMENTAL /NOLOGO kernel32.lib user32.lib gdi32.lib winspool.lib comdlg32.lib advapi32.lib shell32.lib ole32.lib oleaut32.lib uuid.lib odbc32.lib odbccp32.lib /MANIFEST /ManifestFile:"Debug\quickSort.exe.intermediate.manifest" /MANIFESTUAC:"level='asInvoker' uiAccess='false'" /DEBUG /PDB:"C:\Users\Marcin\Documents\ASD\sortowania\Debug\quickSort.pdb" /SUBSYSTEM:CONSOLE /TLBID:1 /DYNAMICBASE /NXCOMPAT /IMPLIB:"C:\Users\Marcin\Documents\ASD\sortowania\Debug\quickSort.lib" /MACHINE:X86 Debug\quickSort.exe.embed.manifest.res
         Debug\quickSort.obj
         sortowania.vcxproj -> C:\Users\Marcin\Documents\ASD\sortowania\Debug\quickSort.exe
       FinalizeBuildStatus:
         Deleting file "Debug\quickSort.unsuccessfulbuild".
         Touching "Debug\quickSort.lastbuildstate".
     1>Done Building Project "C:\Users\Marcin\Documents\ASD\sortowania\sortowania\sortowania.vcxproj" (build target(s)).

Build succeeded.

Time Elapsed 00:00:02.12
