Build started 2012-01-27 05:37:19.
     1>Project "C:\Users\Marcin\Documents\ASD\sortowania\mergeSort\mergeSort.vcxproj" on node 2 (build target(s)).
     1>InitializeBuildStatus:
         Creating "Debug\mergeSort.unsuccessfulbuild" because "AlwaysCreate" was specified.
       ClCompile:
         c:\Program Files (x86)\Microsoft Visual Studio 10.0\VC\bin\CL.exe /c /Zi /nologo /W3 /WX- /Od /Oy- /D WIN32 /D _DEBUG /D _CONSOLE /D _UNICODE /D UNICODE /Gm /EHsc /RTC1 /MDd /GS /fp:precise /Zc:wchar_t /Zc:forScope /Fo"Debug\\" /Fd"Debug\vc100.pdb" /Gd /TP /analyze- /errorReport:prompt mergeSort.cpp
         mergeSort.cpp
     1>mergeSort.cpp(35): warning C4244: 'argument' : conversion from 'time_t' to 'unsigned int', possible loss of data
     1>mergeSort.cpp(41): warning C4244: 'argument' : conversion from 'time_t' to 'unsigned int', possible loss of data
     1>mergeSort.cpp(48): warning C4996: 'getch': The POSIX name for this item is deprecated. Instead, use the ISO C++ conformant name: _getch. See online help for details.
                 c:\Program Files (x86)\Microsoft Visual Studio 10.0\VC\include\conio.h(128) : see declaration of 'getch'
     1>mergeSort.cpp(42): warning C4101: 'stop' : unreferenced local variable
       ManifestResourceCompile:
         All outputs are up-to-date.
       Link:
         c:\Program Files (x86)\Microsoft Visual Studio 10.0\VC\bin\link.exe /ERRORREPORT:PROMPT /OUT:"C:\Users\Marcin\Documents\ASD\sortowania\Debug\mergeSort.exe" /INCREMENTAL /NOLOGO kernel32.lib user32.lib gdi32.lib winspool.lib comdlg32.lib advapi32.lib shell32.lib ole32.lib oleaut32.lib uuid.lib odbc32.lib odbccp32.lib /MANIFEST /ManifestFile:"Debug\mergeSort.exe.intermediate.manifest" /MANIFESTUAC:"level='asInvoker' uiAccess='false'" /DEBUG /PDB:"C:\Users\Marcin\Documents\ASD\sortowania\Debug\mergeSort.pdb" /SUBSYSTEM:CONSOLE /TLBID:1 /DYNAMICBASE /NXCOMPAT /IMPLIB:"C:\Users\Marcin\Documents\ASD\sortowania\Debug\mergeSort.lib" /MACHINE:X86 Debug\mergeSort.exe.embed.manifest.res
         Debug\mergeSort.obj
       Manifest:
         c:\Program Files (x86)\Microsoft SDKs\Windows\v7.0A\bin\mt.exe /nologo /verbose /out:"Debug\mergeSort.exe.embed.manifest" /manifest Debug\mergeSort.exe.intermediate.manifest
         All outputs are up-to-date.
       LinkEmbedManifest:
         All outputs are up-to-date.
         mergeSort.vcxproj -> C:\Users\Marcin\Documents\ASD\sortowania\Debug\mergeSort.exe
       FinalizeBuildStatus:
         Deleting file "Debug\mergeSort.unsuccessfulbuild".
         Touching "Debug\mergeSort.lastbuildstate".
     1>Done Building Project "C:\Users\Marcin\Documents\ASD\sortowania\mergeSort\mergeSort.vcxproj" (build target(s)).

Build succeeded.

Time Elapsed 00:00:01.41
